[05-Feb-2021 17:40:01 UTC] PHP Fatal error:  Cannot redeclare hoop_customize_preview_js() (previously declared in C:\Users\Dylan\Desktop\HOOP\Cthulhuhoop-Customs\app\public\wp-content\themes\hoop\inc\customizer.php:58) in C:\Users\Dylan\Desktop\HOOP\Cthulhuhoop-Customs\app\public\wp-content\themes\hoop\inc\customizer.php on line 58
[05-Feb-2021 17:40:01 UTC] PHP Stack trace:
[05-Feb-2021 17:40:01 UTC] PHP   1. {main}() C:\Users\Dylan\Desktop\HOOP\Cthulhuhoop-Customs\app\public\wp-admin\admin-ajax.php:0
[05-Feb-2021 17:40:01 UTC] PHP   2. require_once() C:\Users\Dylan\Desktop\HOOP\Cthulhuhoop-Customs\app\public\wp-admin\admin-ajax.php:22
[05-Feb-2021 17:40:01 UTC] PHP   3. require_once() C:\Users\Dylan\Desktop\HOOP\Cthulhuhoop-Customs\app\public\wp-load.php:37
[05-Feb-2021 17:40:01 UTC] PHP   4. require_once() C:\Users\Dylan\Desktop\HOOP\Cthulhuhoop-Customs\app\public\wp-config.php:77
[05-Feb-2021 17:40:01 UTC] PHP   5. include() C:\Users\Dylan\Desktop\HOOP\Cthulhuhoop-Customs\app\public\wp-settings.php:525
[05-Feb-2021 17:44:01 UTC] PHP Parse error:  syntax error, unexpected 'if' (T_IF) in C:\Users\Dylan\Desktop\HOOP\Cthulhuhoop-Customs\app\public\wp-content\themes\hoop\functions.php on line 194
[05-Feb-2021 17:44:20 UTC] PHP Parse error:  syntax error, unexpected 'if' (T_IF) in C:\Users\Dylan\Desktop\HOOP\Cthulhuhoop-Customs\app\public\wp-content\themes\hoop\functions.php on line 194
[05-Feb-2021 17:44:41 UTC] PHP Parse error:  syntax error, unexpected end of file in C:\Users\Dylan\Desktop\HOOP\Cthulhuhoop-Customs\app\public\wp-content\themes\hoop\functions.php on line 197
[05-Feb-2021 17:44:41 UTC] PHP Parse error:  syntax error, unexpected end of file in C:\Users\Dylan\Desktop\HOOP\Cthulhuhoop-Customs\app\public\wp-content\themes\hoop\functions.php on line 197
[05-Feb-2021 17:44:42 UTC] PHP Parse error:  syntax error, unexpected end of file in C:\Users\Dylan\Desktop\HOOP\Cthulhuhoop-Customs\app\public\wp-content\themes\hoop\functions.php on line 197
[05-Feb-2021 17:44:42 UTC] PHP Parse error:  syntax error, unexpected end of file in C:\Users\Dylan\Desktop\HOOP\Cthulhuhoop-Customs\app\public\wp-content\themes\hoop\functions.php on line 197
[05-Feb-2021 17:44:43 UTC] PHP Parse error:  syntax error, unexpected end of file in C:\Users\Dylan\Desktop\HOOP\Cthulhuhoop-Customs\app\public\wp-content\themes\hoop\functions.php on line 197
[05-Feb-2021 17:44:43 UTC] PHP Parse error:  syntax error, unexpected end of file in C:\Users\Dylan\Desktop\HOOP\Cthulhuhoop-Customs\app\public\wp-content\themes\hoop\functions.php on line 197
[05-Feb-2021 17:44:44 UTC] PHP Parse error:  syntax error, unexpected end of file in C:\Users\Dylan\Desktop\HOOP\Cthulhuhoop-Customs\app\public\wp-content\themes\hoop\functions.php on line 197
[05-Feb-2021 17:45:08 UTC] PHP Warning:  call_user_func_array() expects parameter 1 to be a valid callback, function 'enqueue_block_editor_assets' not found or invalid function name in C:\Users\Dylan\Desktop\HOOP\Cthulhuhoop-Customs\app\public\wp-includes\class-wp-hook.php on line 287
[05-Feb-2021 17:45:08 UTC] PHP Stack trace:
[05-Feb-2021 17:45:08 UTC] PHP   1. {main}() C:\Users\Dylan\Desktop\HOOP\Cthulhuhoop-Customs\app\public\wp-admin\post.php:0
[05-Feb-2021 17:45:08 UTC] PHP   2. require() C:\Users\Dylan\Desktop\HOOP\Cthulhuhoop-Customs\app\public\wp-admin\post.php:187
[05-Feb-2021 17:45:08 UTC] PHP   3. do_action() C:\Users\Dylan\Desktop\HOOP\Cthulhuhoop-Customs\app\public\wp-admin\edit-form-blocks.php:395
[05-Feb-2021 17:45:08 UTC] PHP   4. WP_Hook->do_action() C:\Users\Dylan\Desktop\HOOP\Cthulhuhoop-Customs\app\public\wp-includes\plugin.php:484
[05-Feb-2021 17:45:08 UTC] PHP   5. WP_Hook->apply_filters() C:\Users\Dylan\Desktop\HOOP\Cthulhuhoop-Customs\app\public\wp-includes\class-wp-hook.php:311
[05-Feb-2021 17:45:26 UTC] PHP Warning:  call_user_func_array() expects parameter 1 to be a valid callback, function 'enqueue_block_editor_assets' not found or invalid function name in C:\Users\Dylan\Desktop\HOOP\Cthulhuhoop-Customs\app\public\wp-includes\class-wp-hook.php on line 287
[05-Feb-2021 17:45:26 UTC] PHP Stack trace:
[05-Feb-2021 17:45:26 UTC] PHP   1. {main}() C:\Users\Dylan\Desktop\HOOP\Cthulhuhoop-Customs\app\public\wp-admin\post.php:0
[05-Feb-2021 17:45:26 UTC] PHP   2. require() C:\Users\Dylan\Desktop\HOOP\Cthulhuhoop-Customs\app\public\wp-admin\post.php:187
[05-Feb-2021 17:45:26 UTC] PHP   3. do_action() C:\Users\Dylan\Desktop\HOOP\Cthulhuhoop-Customs\app\public\wp-admin\edit-form-blocks.php:395
[05-Feb-2021 17:45:26 UTC] PHP   4. WP_Hook->do_action() C:\Users\Dylan\Desktop\HOOP\Cthulhuhoop-Customs\app\public\wp-includes\plugin.php:484
[05-Feb-2021 17:45:26 UTC] PHP   5. WP_Hook->apply_filters() C:\Users\Dylan\Desktop\HOOP\Cthulhuhoop-Customs\app\public\wp-includes\class-wp-hook.php:311
[05-Feb-2021 17:52:54 UTC] PHP Parse error:  syntax error, unexpected 'array' (T_ARRAY), expecting ')' in C:\Users\Dylan\Desktop\HOOP\Cthulhuhoop-Customs\app\public\wp-content\themes\hoop\functions.php on line 186
[05-Feb-2021 17:54:00 UTC] PHP Parse error:  syntax error, unexpected 'array' (T_ARRAY), expecting ')' in C:\Users\Dylan\Desktop\HOOP\Cthulhuhoop-Customs\app\public\wp-content\themes\hoop\functions.php on line 186
[05-Feb-2021 17:55:20 UTC] PHP Parse error:  syntax error, unexpected 'array' (T_ARRAY), expecting ')' in C:\Users\Dylan\Desktop\HOOP\Cthulhuhoop-Customs\app\public\wp-content\themes\hoop\functions.php on line 186
[05-Feb-2021 17:55:20 UTC] PHP Parse error:  syntax error, unexpected 'array' (T_ARRAY), expecting ')' in C:\Users\Dylan\Desktop\HOOP\Cthulhuhoop-Customs\app\public\wp-content\themes\hoop\functions.php on line 186
[05-Feb-2021 17:55:20 UTC] PHP Parse error:  syntax error, unexpected 'array' (T_ARRAY), expecting ')' in C:\Users\Dylan\Desktop\HOOP\Cthulhuhoop-Customs\app\public\wp-content\themes\hoop\functions.php on line 186
[05-Feb-2021 17:55:20 UTC] PHP Parse error:  syntax error, unexpected 'array' (T_ARRAY), expecting ')' in C:\Users\Dylan\Desktop\HOOP\Cthulhuhoop-Customs\app\public\wp-content\themes\hoop\functions.php on line 186
[05-Feb-2021 18:11:48 UTC] PHP Fatal error:  Cannot redeclare hoop_enqueue_block_editor_assets() (previously declared in C:\Users\Dylan\Desktop\HOOP\Cthulhuhoop-Customs\app\public\wp-content\themes\hoop\functions.php:181) in C:\Users\Dylan\Desktop\HOOP\Cthulhuhoop-Customs\app\public\wp-content\themes\hoop\functions.php on line 203
[05-Feb-2021 18:11:48 UTC] PHP Stack trace:
[05-Feb-2021 18:11:48 UTC] PHP   1. {main}() C:\Users\Dylan\Desktop\HOOP\Cthulhuhoop-Customs\app\public\wp-admin\admin-ajax.php:0
[05-Feb-2021 18:11:48 UTC] PHP   2. require_once() C:\Users\Dylan\Desktop\HOOP\Cthulhuhoop-Customs\app\public\wp-admin\admin-ajax.php:22
[05-Feb-2021 18:11:48 UTC] PHP   3. require_once() C:\Users\Dylan\Desktop\HOOP\Cthulhuhoop-Customs\app\public\wp-load.php:37
[05-Feb-2021 18:11:48 UTC] PHP   4. require_once() C:\Users\Dylan\Desktop\HOOP\Cthulhuhoop-Customs\app\public\wp-config.php:77
[05-Feb-2021 18:12:54 UTC] PHP Fatal error:  Cannot redeclare hoop_enqueue_block_editor_assets() (previously declared in C:\Users\Dylan\Desktop\HOOP\Cthulhuhoop-Customs\app\public\wp-content\themes\hoop\functions.php:181) in C:\Users\Dylan\Desktop\HOOP\Cthulhuhoop-Customs\app\public\wp-content\themes\hoop\functions.php on line 203
[05-Feb-2021 18:12:54 UTC] PHP Stack trace:
[05-Feb-2021 18:12:54 UTC] PHP   1. {main}() C:\Users\Dylan\Desktop\HOOP\Cthulhuhoop-Customs\app\public\wp-admin\admin-ajax.php:0
[05-Feb-2021 18:12:54 UTC] PHP   2. require_once() C:\Users\Dylan\Desktop\HOOP\Cthulhuhoop-Customs\app\public\wp-admin\admin-ajax.php:22
[05-Feb-2021 18:12:54 UTC] PHP   3. require_once() C:\Users\Dylan\Desktop\HOOP\Cthulhuhoop-Customs\app\public\wp-load.php:37
[05-Feb-2021 18:12:54 UTC] PHP   4. require_once() C:\Users\Dylan\Desktop\HOOP\Cthulhuhoop-Customs\app\public\wp-config.php:77
[05-Feb-2021 18:21:23 UTC] PHP Parse error:  syntax error, unexpected '}', expecting ')' in C:\Users\Dylan\Desktop\HOOP\Cthulhuhoop-Customs\app\public\wp-content\themes\hoop\functions.php on line 200
[05-Feb-2021 18:21:23 UTC] PHP Parse error:  syntax error, unexpected '}', expecting ')' in C:\Users\Dylan\Desktop\HOOP\Cthulhuhoop-Customs\app\public\wp-content\themes\hoop\functions.php on line 200
[05-Feb-2021 18:21:29 UTC] PHP Parse error:  syntax error, unexpected '}', expecting ')' in C:\Users\Dylan\Desktop\HOOP\Cthulhuhoop-Customs\app\public\wp-content\themes\hoop\functions.php on line 200
[05-Feb-2021 18:59:48 UTC] PHP Parse error:  syntax error, unexpected '}' in C:\Users\Dylan\Desktop\HOOP\Cthulhuhoop-Customs\app\public\wp-content\themes\hoop\functions.php on line 155
[05-Feb-2021 18:59:48 UTC] PHP Parse error:  syntax error, unexpected '}' in C:\Users\Dylan\Desktop\HOOP\Cthulhuhoop-Customs\app\public\wp-content\themes\hoop\functions.php on line 155
[05-Feb-2021 18:59:48 UTC] PHP Parse error:  syntax error, unexpected '}' in C:\Users\Dylan\Desktop\HOOP\Cthulhuhoop-Customs\app\public\wp-content\themes\hoop\functions.php on line 155
[05-Feb-2021 18:59:49 UTC] PHP Parse error:  syntax error, unexpected '}' in C:\Users\Dylan\Desktop\HOOP\Cthulhuhoop-Customs\app\public\wp-content\themes\hoop\functions.php on line 155
[05-Feb-2021 19:00:29 UTC] PHP Parse error:  syntax error, unexpected 'endif' (T_ENDIF) in C:\Users\Dylan\Desktop\HOOP\Cthulhuhoop-Customs\app\public\wp-content\themes\hoop\functions.php on line 157
[05-Feb-2021 19:00:29 UTC] PHP Parse error:  syntax error, unexpected 'endif' (T_ENDIF) in C:\Users\Dylan\Desktop\HOOP\Cthulhuhoop-Customs\app\public\wp-content\themes\hoop\functions.php on line 157
[05-Feb-2021 19:00:29 UTC] PHP Parse error:  syntax error, unexpected 'endif' (T_ENDIF) in C:\Users\Dylan\Desktop\HOOP\Cthulhuhoop-Customs\app\public\wp-content\themes\hoop\functions.php on line 157
[05-Feb-2021 19:00:29 UTC] PHP Parse error:  syntax error, unexpected 'endif' (T_ENDIF) in C:\Users\Dylan\Desktop\HOOP\Cthulhuhoop-Customs\app\public\wp-content\themes\hoop\functions.php on line 157
[05-Feb-2021 19:00:29 UTC] PHP Parse error:  syntax error, unexpected 'endif' (T_ENDIF) in C:\Users\Dylan\Desktop\HOOP\Cthulhuhoop-Customs\app\public\wp-content\themes\hoop\functions.php on line 157
[05-Feb-2021 19:00:29 UTC] PHP Parse error:  syntax error, unexpected 'endif' (T_ENDIF) in C:\Users\Dylan\Desktop\HOOP\Cthulhuhoop-Customs\app\public\wp-content\themes\hoop\functions.php on line 157
[05-Feb-2021 19:25:21 UTC] PHP Parse error:  syntax error, unexpected '.3' (T_DNUMBER), expecting ')' in C:\Users\Dylan\Desktop\HOOP\Cthulhuhoop-Customs\app\public\wp-content\themes\hoop\functions.php on line 216
[05-Feb-2021 19:26:15 UTC] PHP Parse error:  syntax error, unexpected '.3' (T_DNUMBER), expecting ')' in C:\Users\Dylan\Desktop\HOOP\Cthulhuhoop-Customs\app\public\wp-content\themes\hoop\functions.php on line 216
[05-Feb-2021 19:27:22 UTC] PHP Parse error:  syntax error, unexpected '.3' (T_DNUMBER), expecting ')' in C:\Users\Dylan\Desktop\HOOP\Cthulhuhoop-Customs\app\public\wp-content\themes\hoop\functions.php on line 216
[05-Feb-2021 19:29:22 UTC] PHP Parse error:  syntax error, unexpected '.3' (T_DNUMBER), expecting ')' in C:\Users\Dylan\Desktop\HOOP\Cthulhuhoop-Customs\app\public\wp-content\themes\hoop\functions.php on line 216
[05-Feb-2021 19:30:17 UTC] PHP Parse error:  syntax error, unexpected '.3' (T_DNUMBER), expecting ')' in C:\Users\Dylan\Desktop\HOOP\Cthulhuhoop-Customs\app\public\wp-content\themes\hoop\functions.php on line 216
[05-Feb-2021 19:31:23 UTC] PHP Parse error:  syntax error, unexpected '.3' (T_DNUMBER), expecting ')' in C:\Users\Dylan\Desktop\HOOP\Cthulhuhoop-Customs\app\public\wp-content\themes\hoop\functions.php on line 216
[05-Feb-2021 19:32:18 UTC] PHP Parse error:  syntax error, unexpected '.3' (T_DNUMBER), expecting ')' in C:\Users\Dylan\Desktop\HOOP\Cthulhuhoop-Customs\app\public\wp-content\themes\hoop\functions.php on line 216
[05-Feb-2021 19:33:18 UTC] PHP Parse error:  syntax error, unexpected '.3' (T_DNUMBER), expecting ')' in C:\Users\Dylan\Desktop\HOOP\Cthulhuhoop-Customs\app\public\wp-content\themes\hoop\functions.php on line 216
[05-Feb-2021 19:34:38 UTC] PHP Parse error:  syntax error, unexpected '.3' (T_DNUMBER), expecting ')' in C:\Users\Dylan\Desktop\HOOP\Cthulhuhoop-Customs\app\public\wp-content\themes\hoop\functions.php on line 216
[05-Feb-2021 19:35:32 UTC] PHP Parse error:  syntax error, unexpected '.3' (T_DNUMBER), expecting ')' in C:\Users\Dylan\Desktop\HOOP\Cthulhuhoop-Customs\app\public\wp-content\themes\hoop\functions.php on line 216
[05-Feb-2021 19:36:33 UTC] PHP Parse error:  syntax error, unexpected '.3' (T_DNUMBER), expecting ')' in C:\Users\Dylan\Desktop\HOOP\Cthulhuhoop-Customs\app\public\wp-content\themes\hoop\functions.php on line 216
[05-Feb-2021 19:36:50 UTC] PHP Parse error:  syntax error, unexpected '.3' (T_DNUMBER), expecting ')' in C:\Users\Dylan\Desktop\HOOP\Cthulhuhoop-Customs\app\public\wp-content\themes\hoop\functions.php on line 216
[05-Feb-2021 19:36:50 UTC] PHP Parse error:  syntax error, unexpected '.3' (T_DNUMBER), expecting ')' in C:\Users\Dylan\Desktop\HOOP\Cthulhuhoop-Customs\app\public\wp-content\themes\hoop\functions.php on line 216
[05-Feb-2021 19:36:52 UTC] PHP Parse error:  syntax error, unexpected '.3' (T_DNUMBER), expecting ')' in C:\Users\Dylan\Desktop\HOOP\Cthulhuhoop-Customs\app\public\wp-content\themes\hoop\functions.php on line 216
[05-Feb-2021 19:36:52 UTC] PHP Parse error:  syntax error, unexpected '.3' (T_DNUMBER), expecting ')' in C:\Users\Dylan\Desktop\HOOP\Cthulhuhoop-Customs\app\public\wp-content\themes\hoop\functions.php on line 216
[05-Feb-2021 19:36:53 UTC] PHP Parse error:  syntax error, unexpected '.3' (T_DNUMBER), expecting ')' in C:\Users\Dylan\Desktop\HOOP\Cthulhuhoop-Customs\app\public\wp-content\themes\hoop\functions.php on line 216
[05-Feb-2021 19:36:53 UTC] PHP Parse error:  syntax error, unexpected '.3' (T_DNUMBER), expecting ')' in C:\Users\Dylan\Desktop\HOOP\Cthulhuhoop-Customs\app\public\wp-content\themes\hoop\functions.php on line 216
[08-Feb-2021 19:22:45 UTC] PHP Warning:  chmod(): No such file or directory in C:\Users\Dylan\Desktop\HOOP\Cthulhuhoop-Customs\app\public\wp-admin\includes\class-wp-filesystem-direct.php on line 173
[08-Feb-2021 19:22:45 UTC] PHP Stack trace:
[08-Feb-2021 19:22:45 UTC] PHP   1. {main}() C:\Users\Dylan\Desktop\HOOP\Cthulhuhoop-Customs\app\public\wp-admin\admin-ajax.php:0
[08-Feb-2021 19:22:45 UTC] PHP   2. do_action() C:\Users\Dylan\Desktop\HOOP\Cthulhuhoop-Customs\app\public\wp-admin\admin-ajax.php:184
[08-Feb-2021 19:22:45 UTC] PHP   3. WP_Hook->do_action() C:\Users\Dylan\Desktop\HOOP\Cthulhuhoop-Customs\app\public\wp-includes\plugin.php:484
[08-Feb-2021 19:22:45 UTC] PHP   4. WP_Hook->apply_filters() C:\Users\Dylan\Desktop\HOOP\Cthulhuhoop-Customs\app\public\wp-includes\class-wp-hook.php:311
[08-Feb-2021 19:22:45 UTC] PHP   5. wp_ajax_install_plugin() C:\Users\Dylan\Desktop\HOOP\Cthulhuhoop-Customs\app\public\wp-includes\class-wp-hook.php:287
[08-Feb-2021 19:22:45 UTC] PHP   6. Plugin_Upgrader->install() C:\Users\Dylan\Desktop\HOOP\Cthulhuhoop-Customs\app\public\wp-admin\includes\ajax-actions.php:4346
[08-Feb-2021 19:22:45 UTC] PHP   7. Plugin_Upgrader->run() C:\Users\Dylan\Desktop\HOOP\Cthulhuhoop-Customs\app\public\wp-admin\includes\class-plugin-upgrader.php:137
[08-Feb-2021 19:22:45 UTC] PHP   8. Plugin_Upgrader->unpack_package() C:\Users\Dylan\Desktop\HOOP\Cthulhuhoop-Customs\app\public\wp-admin\includes\class-wp-upgrader.php:779
[08-Feb-2021 19:22:45 UTC] PHP   9. unzip_file() C:\Users\Dylan\Desktop\HOOP\Cthulhuhoop-Customs\app\public\wp-admin\includes\class-wp-upgrader.php:328
[08-Feb-2021 19:22:45 UTC] PHP  10. _unzip_file_ziparchive() C:\Users\Dylan\Desktop\HOOP\Cthulhuhoop-Customs\app\public\wp-admin\includes\file.php:1466
[08-Feb-2021 19:22:45 UTC] PHP  11. WP_Filesystem_Direct->put_contents() C:\Users\Dylan\Desktop\HOOP\Cthulhuhoop-Customs\app\public\wp-admin\includes\file.php:1601
[08-Feb-2021 19:22:45 UTC] PHP  12. WP_Filesystem_Direct->chmod() C:\Users\Dylan\Desktop\HOOP\Cthulhuhoop-Customs\app\public\wp-admin\includes\class-wp-filesystem-direct.php:86
[08-Feb-2021 19:22:45 UTC] PHP  13. chmod() C:\Users\Dylan\Desktop\HOOP\Cthulhuhoop-Customs\app\public\wp-admin\includes\class-wp-filesystem-direct.php:173
